Arguments: 
  C:\Program Files\nodejs\node.exe C:\Users\张国忠\Desktop\安装包\bin\yarn.js add echrts

PATH: 
  D:\software\cmder\vendor\git-for-windows\mingw64\bin;D:\software\cmder\vendor\git-for-windows\usr\bin;C:\Users\张国忠\bin;C:\Program Files (x86)\Intel\Intel(R) Management Engine Components\iCLS;C:\Program Files\Intel\Intel(R) Management Engine Components\iCLS;C:\Windows\system32;C:\Windows;C:\Windows\System32\Wbem;C:\Windows\System32\WindowsPowerShell\v1.0;C:\Windows\System32\OpenSSH;C:\Program Files (x86)\Intel\Intel(R) Management Engine Components\DAL;C:\Program Files\Intel\Intel(R) Management Engine Components\DAL;C:\Program Files\Git\cmd;E:\Weixinapp\微信web开发者工具\dll;C:\Program Files\nodejs;C:\Users\张国忠\Desktop\安装包\bin;C:\Users\张国忠\AppData\Local\Microsoft\WindowsApps;C:\Users\张国忠\AppData\Local\UGit\app-3.0.3\resources\app\git\cmd;C:\Users\张国忠\AppData\Local\UGit\bin;C:\Users\张国忠\AppData\Roaming\npm;C:\Users\张国忠\AppData\Local\Yarn\bin;D:\software\Microsoft VS Code\bin;D:\software\WebStorm 2022.2\bin

Yarn version: 
  1.22.5

Node version: 
  16.14.0

Platform: 
  win32 x64

Trace: 
  Error: https://registry.npm.taobao.org/echrts: [NOT_FOUND] echrts not found
      at Request.params.callback [as _callback] (C:\Users\张国忠\Desktop\安装包\lib\cli.js:66097:18)
      at Request.self.callback (C:\Users\张国忠\Desktop\安装包\lib\cli.js:140749:22)
      at Request.emit (node:events:520:28)
      at Request.<anonymous> (C:\Users\张国忠\Desktop\安装包\lib\cli.js:141721:10)
      at Request.emit (node:events:520:28)
      at Gunzip.<anonymous> (C:\Users\张国忠\Desktop\安装包\lib\cli.js:141643:12)
      at Object.onceWrapper (node:events:639:28)
      at Gunzip.emit (node:events:520:28)
      at endReadableNT (node:internal/streams/readable:1346:12)
      at processTicksAndRejections (node:internal/process/task_queues:83:21)

npm manifest: 
  {
    "dependencies": {
      "echarts": "^5.3.3"
    }
  }

yarn manifest: 
  No manifest

Lockfile: 
  # THIS IS AN AUTOGENERATED FILE. DO NOT EDIT THIS FILE DIRECTLY.
  # yarn lockfile v1
  
  
  echarts@^5.3.3:
    version "5.3.3"
    resolved "https://registry.npmmirror.com/echarts/-/echarts-5.3.3.tgz#df97b09c4c0e2ffcdfb44acf518d50c50e0b838e"
    integrity sha512-BRw2serInRwO5SIwRviZ6Xgm5Lb7irgz+sLiFMmy/HOaf4SQ+7oYqxKzRHAKp4xHQ05AuHw1xvoQWJjDQq/FGw==
    dependencies:
      tslib "2.3.0"
      zrender "5.3.2"
  
  tslib@2.3.0:
    version "2.3.0"
    resolved "https://registry.npmmirror.com/tslib/-/tslib-2.3.0.tgz#803b8cdab3e12ba581a4ca41c8839bbb0dacb09e"
    integrity sha512-N82ooyxVNm6h1riLCoyS9e3fuJ3AMG2zIZs2Gd1ATcSFjSA23Q0fzjjZeh0jbJvWVDZ0cJT8yaNNaaXHzueNjg==
  
  zrender@5.3.2:
    version "5.3.2"
    resolved "https://registry.npmmirror.com/zrender/-/zrender-5.3.2.tgz#f67b11d36d3d020d62411d3bb123eb1c93cccd69"
    integrity sha512-8IiYdfwHj2rx0UeIGZGGU4WEVSDEdeVCaIg/fomejg1Xu6OifAL1GVzIPHg2D+MyUkbNgPWji90t0a8IDk+39w==
    dependencies:
      tslib "2.3.0"
